Sat Dec 01 2018 13:33:50 GMT+0000 (GMT) : GET /
Mon Dec 03 2018 20:28:44 GMT+0000 (GMT) : GET /
Mon Dec 03 2018 20:28:45 GMT+0000 (GMT) : GET /favicon.ico
Mon Dec 03 2018 20:28:50 GMT+0000 (GMT) : GET /
Mon Dec 03 2018 20:29:37 GMT+0000 (GMT) : GET /
Mon Dec 03 2018 20:31:30 GMT+0000 (GMT) : GET /
Mon Dec 03 2018 20:33:54 GMT+0000 (GMT) : GET /
Mon Dec 03 2018 20:39:21 GMT+0000 (GMT) : GET /
Mon Dec 03 2018 20:39:22 GMT+0000 (GMT) : GET /js/index.js
Mon Dec 03 2018 20:42:31 GMT+0000 (GMT) : GET /
Mon Dec 03 2018 20:42:31 GMT+0000 (GMT) : GET /js/index.js
Mon Dec 03 2018 20:43:06 GMT+0000 (GMT) : GET /
Mon Dec 03 2018 20:43:06 GMT+0000 (GMT) : GET /js/index.js
Mon Dec 03 2018 20:43:27 GMT+0000 (GMT) : GET /
Mon Dec 03 2018 20:43:27 GMT+0000 (GMT) : GET /js/index.js
Mon Dec 03 2018 20:43:53 GMT+0000 (GMT) : GET /
Mon Dec 03 2018 20:43:53 GMT+0000 (GMT) : GET /js/index.js
Mon Dec 03 2018 20:46:38 GMT+0000 (GMT) : GET /
Mon Dec 03 2018 20:46:38 GMT+0000 (GMT) : GET /js/index.js
Mon Dec 03 2018 20:52:47 GMT+0000 (GMT) : GET /
Mon Dec 03 2018 20:52:47 GMT+0000 (GMT) : GET /js/index.js
Sun Dec 09 2018 21:51:50 GMT+0000 (GMT) : GET /
Sun Dec 09 2018 21:51:50 GMT+0000 (GMT) : GET /js/index.js
Sun Dec 09 2018 21:51:50 GMT+0000 (GMT) : GET /favicon.ico
Sun Dec 09 2018 21:52:57 GMT+0000 (GMT) : GET /
Sun Dec 09 2018 21:52:57 GMT+0000 (GMT) : GET /js/index.js
Sun Dec 09 2018 21:58:24 GMT+0000 (GMT) : GET /
Sun Dec 09 2018 21:58:24 GMT+0000 (GMT) : GET /js/index.js
Sun Dec 09 2018 21:58:27 GMT+0000 (GMT) : GET /
Sun Dec 09 2018 21:58:27 GMT+0000 (GMT) : GET /js/index.js
Sun Dec 09 2018 22:01:09 GMT+0000 (GMT) : GET /
Sun Dec 09 2018 22:01:09 GMT+0000 (GMT) : GET /js/index.js
Sun Dec 09 2018 22:01:36 GMT+0000 (GMT) : GET /
Sun Dec 09 2018 22:01:36 GMT+0000 (GMT) : GET /js/index.js
Mon Dec 10 2018 19:08:05 GMT+0000 (GMT) : GET /js/index.js
Mon Dec 10 2018 19:08:05 GMT+0000 (GMT) : GET /favicon.ico
Mon Dec 10 2018 19:08:07 GMT+0000 (GMT) : GET /
Mon Dec 10 2018 19:08:08 GMT+0000 (GMT) : GET /js/index.js
Mon Dec 10 2018 19:08:22 GMT+0000 (GMT) : GET /
Mon Dec 10 2018 19:08:22 GMT+0000 (GMT) : GET /js/index.js
Mon Dec 10 2018 19:48:47 GMT+0000 (GMT) : GET /
Mon Dec 10 2018 19:48:47 GMT+0000 (GMT) : GET /js/libs/jquery-3.3.1.min.js
Mon Dec 10 2018 19:48:47 GMT+0000 (GMT) : GET /js/index.js
Mon Dec 10 2018 19:53:39 GMT+0000 (GMT) : GET /
Mon Dec 10 2018 19:53:39 GMT+0000 (GMT) : GET /js/libs/jquery-3.3.1.min.js
Mon Dec 10 2018 19:53:39 GMT+0000 (GMT) : GET /js/index.js
Mon Dec 10 2018 20:01:37 GMT+0000 (GMT) : GET /
Mon Dec 10 2018 20:01:37 GMT+0000 (GMT) : GET /js/libs/jquery-3.3.1.min.js
Mon Dec 10 2018 20:01:37 GMT+0000 (GMT) : GET /js/index.js
Mon Dec 10 2018 20:06:28 GMT+0000 (GMT) : GET /
Mon Dec 10 2018 20:06:28 GMT+0000 (GMT) : GET /js/libs/jquery-3.3.1.min.js
Mon Dec 10 2018 20:06:28 GMT+0000 (GMT) : GET /js/index.js
Mon Dec 10 2018 20:06:30 GMT+0000 (GMT) : GET /
Mon Dec 10 2018 20:06:30 GMT+0000 (GMT) : GET /js/libs/jquery-3.3.1.min.js
Mon Dec 10 2018 20:06:30 GMT+0000 (GMT) : GET /js/index.js
Mon Dec 10 2018 20:08:55 GMT+0000 (GMT) : GET /
Mon Dec 10 2018 20:08:55 GMT+0000 (GMT) : GET /js/libs/jquery-3.3.1.min.js
Mon Dec 10 2018 20:08:55 GMT+0000 (GMT) : GET /js/index.js
Mon Dec 10 2018 20:08:57 GMT+0000 (GMT) : GET /
Mon Dec 10 2018 20:08:57 GMT+0000 (GMT) : GET /js/libs/jquery-3.3.1.min.js
Mon Dec 10 2018 20:08:57 GMT+0000 (GMT) : GET /js/index.js
